Number of literals: 64
Constructing lookup tables: [10%] [20%] [30%] [40%] [50%] [60%] [70%] [80%] [90%] [100%]
Post filtering unreachable actions:  [10%] [20%] [30%] [40%] [50%] [60%] [70%] [80%] [90%] [100%]
[01;34mNo analytic limits found, not considering limit effects of goal-only operators[00m
20% of the ground temporal actions in this problem are compression-safe
Initial heuristic = 21.000, admissible cost estimate 0.000
b (20.000 | 10.002)b (19.000 | 13.004)b (18.000 | 13.004)b (17.000 | 24.009)b (16.000 | 24.009)b (15.000 | 31.010)b (14.000 | 31.010)b (13.000 | 33.011)b (12.000 | 41.013)b (11.000 | 41.013)b (10.000 | 44.015)b (9.000 | 44.015)b (8.000 | 50.017)b (6.000 | 52.018)b (5.000 | 59.019)b (4.000 | 59.019)b (3.000 | 61.019)b (2.000 | 61.020)b (1.000 | 62.020)(G);;;; Solution Found
; States evaluated: 189
; Cost: 62.021
; Time 0.26
0.000: (fill_box robot box1 morphine)  [1.000]
1.001: (load_carrier robot helicopter box1 morphine)  [2.000]
3.002: (move_carrier_with_box depot trento robot helicopter)  [7.000]
10.003: (unload_carrier trento robot helicopter box1)  [2.000]
12.004: (deliver_medicine trento robot matteo box1 morphine)  [1.000]
13.005: (move_carrier_without_box trento robot helicopter)  [5.000]
18.006: (fill_box robot box2 bandaid)  [1.000]
19.007: (load_carrier robot helicopter box2 bandaid)  [2.000]
21.008: (fill_box robot box3 apple)  [1.000]
22.009: (load_carrier robot helicopter box3 apple)  [2.000]
24.010: (move_carrier_with_box depot trento robot helicopter)  [7.000]
31.011: (unload_carrier trento robot helicopter box3)  [2.000]
33.012: (deliver_food trento robot chiara box3 apple)  [1.000]
34.013: (move_carrier_with_box trento povo robot helicopter)  [7.000]
41.014: (unload_carrier povo robot helicopter box2)  [2.000]
43.015: (deliver_tool povo robot marta box2 bandaid)  [1.000]
44.016: (move_carrier_without_box povo robot helicopter)  [5.000]
49.017: (fill_box robot box4 pear)  [1.000]
50.018: (load_carrier robot helicopter box4 pear)  [2.000]
52.019: (move_carrier_with_box depot povo robot helicopter)  [7.000]
59.020: (unload_carrier povo robot helicopter box4)  [2.000]
61.021: (deliver_food povo robot marta box4 pear)  [1.000]
