(crane_pick_up_content crane apple)
(crane_fill_box crane box1 apple)
(crane_pick_up_box crane box1)
(crane_load_robot crane robot box1)
(move_robot_with_content povo robot box1 apple)
(unfill_box povo robot box1 apple)
(deliver_food povo robot marta apple)
(crane_pick_up_content crane bandaid)
(crane_fill_box crane box2 bandaid)
(move_robot_without_content povo robot box1)
(crane_unload_robot crane robot box1)
(crane_put_down_box crane box1)
(crane_pick_up_box crane box2)
(crane_load_robot crane robot box2)
(move_robot_with_content povo robot box2 bandaid)
(unfill_box povo robot box2 bandaid)
(deliver_tool povo robot marta bandaid)
(crane_pick_up_content crane gauze)
(crane_fill_box crane box1 gauze)
(move_robot_without_content povo robot box2)
(crane_unload_robot crane robot box2)
(crane_put_down_box crane box2)
(crane_pick_up_box crane box1)
(crane_load_robot crane robot box1)
(move_robot_with_content trento robot box1 gauze)
(unfill_box trento robot box1 gauze)
(deliver_tool trento robot matteo gauze)
(crane_pick_up_content crane morphine)
(crane_fill_box crane box2 morphine)
(move_robot_without_content trento robot box1)
(crane_unload_robot crane robot box1)
(crane_put_down_box crane box1)
(crane_pick_up_box crane box2)
(crane_load_robot crane robot box2)
(move_robot_with_content povo robot box2 morphine)
(unfill_box povo robot box2 morphine)
(deliver_medicine povo robot marta morphine)
(crane_pick_up_content crane paracetamol)
(crane_fill_box crane box1 paracetamol)
(move_robot_without_content povo robot box2)
(crane_unload_robot crane robot box2)
(crane_put_down_box crane box2)
(crane_pick_up_box crane box1)
(crane_load_robot crane robot box1)
(move_robot_with_content trento robot box1 paracetamol)
(unfill_box trento robot box1 paracetamol)
(deliver_medicine trento robot chiara paracetamol)
(crane_pick_up_content crane pear)
(crane_fill_box crane box2 pear)
(move_robot_without_content trento robot box1)
(crane_unload_robot crane robot box1)
(crane_put_down_box crane box1)
(crane_pick_up_box crane box2)
(crane_load_robot crane robot box2)
(move_robot_with_content trento robot box2 pear)
(unfill_box trento robot box2 pear)
(deliver_food trento robot matteo pear)
; cost = 57 (unit cost)
