( CRANE_PICK_UP_CONTENT CRANE PEAR )
( CRANE_FILL_BOX CRANE BOX1 PEAR )
( CRANE_PICK_UP_BOX CRANE BOX1 )
( CRANE_LOAD_ROBOT CRANE ROBOT BOX1 )
( MOVE_ROBOT_WITH_CONTENT TRENTO ROBOT BOX1 PEAR )
( UNFILL_BOX TRENTO ROBOT BOX1 PEAR )
( DELIVER_FOOD TRENTO ROBOT MATTEO PEAR )
( MOVE_ROBOT_WITHOUT_CONTENT TRENTO ROBOT BOX1 )
( CRANE_PICK_UP_CONTENT CRANE PARACETAMOL )
( CRANE_FILL_BOX CRANE BOX2 PARACETAMOL )
( CRANE_UNLOAD_ROBOT CRANE ROBOT BOX1 )
( CRANE_PUT_DOWN_BOX CRANE BOX1 )
( CRANE_PICK_UP_BOX CRANE BOX2 )
( CRANE_LOAD_ROBOT CRANE ROBOT BOX2 )
( MOVE_ROBOT_WITH_CONTENT TRENTO ROBOT BOX2 PARACETAMOL )
( UNFILL_BOX TRENTO ROBOT BOX2 PARACETAMOL )
( DELIVER_MEDICINE TRENTO ROBOT CHIARA PARACETAMOL )
( MOVE_ROBOT_WITHOUT_CONTENT TRENTO ROBOT BOX2 )
( CRANE_PICK_UP_CONTENT CRANE GAUZE )
( CRANE_FILL_BOX CRANE BOX1 GAUZE )
( CRANE_UNLOAD_ROBOT CRANE ROBOT BOX2 )
( CRANE_PUT_DOWN_BOX CRANE BOX2 )
( CRANE_PICK_UP_BOX CRANE BOX1 )
( CRANE_LOAD_ROBOT CRANE ROBOT BOX1 )
( MOVE_ROBOT_WITH_CONTENT TRENTO ROBOT BOX1 GAUZE )
( UNFILL_BOX TRENTO ROBOT BOX1 GAUZE )
( DELIVER_TOOL TRENTO ROBOT MATTEO GAUZE )
( MOVE_ROBOT_WITHOUT_CONTENT TRENTO ROBOT BOX1 )
( CRANE_PICK_UP_CONTENT CRANE APPLE )
( CRANE_FILL_BOX CRANE BOX2 APPLE )
( CRANE_UNLOAD_ROBOT CRANE ROBOT BOX1 )
( CRANE_PUT_DOWN_BOX CRANE BOX1 )
( CRANE_PICK_UP_BOX CRANE BOX2 )
( CRANE_LOAD_ROBOT CRANE ROBOT BOX2 )
( MOVE_ROBOT_WITH_CONTENT POVO ROBOT BOX2 APPLE )
( UNFILL_BOX POVO ROBOT BOX2 APPLE )
( DELIVER_FOOD POVO ROBOT MARTA APPLE )
( MOVE_ROBOT_WITHOUT_CONTENT POVO ROBOT BOX2 )
( CRANE_PICK_UP_CONTENT CRANE MORPHINE )
( CRANE_FILL_BOX CRANE BOX1 MORPHINE )
( CRANE_UNLOAD_ROBOT CRANE ROBOT BOX2 )
( CRANE_PUT_DOWN_BOX CRANE BOX2 )
( CRANE_PICK_UP_BOX CRANE BOX1 )
( CRANE_LOAD_ROBOT CRANE ROBOT BOX1 )
( MOVE_ROBOT_WITH_CONTENT POVO ROBOT BOX1 MORPHINE )
( UNFILL_BOX POVO ROBOT BOX1 MORPHINE )
( DELIVER_MEDICINE POVO ROBOT MARTA MORPHINE )
( MOVE_ROBOT_WITHOUT_CONTENT POVO ROBOT BOX1 )
( CRANE_PICK_UP_CONTENT CRANE BANDAID )
( CRANE_FILL_BOX CRANE BOX2 BANDAID )
( CRANE_UNLOAD_ROBOT CRANE ROBOT BOX1 )
( CRANE_PUT_DOWN_BOX CRANE BOX1 )
( CRANE_PICK_UP_BOX CRANE BOX2 )
( CRANE_LOAD_ROBOT CRANE ROBOT BOX2 )
( MOVE_ROBOT_WITH_CONTENT POVO ROBOT BOX2 BANDAID )
( UNFILL_BOX POVO ROBOT BOX2 BANDAID )
( DELIVER_TOOL POVO ROBOT MARTA BANDAID )
