(crane_pick_up_content crane apple)
(crane_fill_box crane box1 apple)
(crane_pick_up_content crane gauze)
(crane_fill_box crane box2 gauze)
(crane_pick_up_box crane box1)
(crane_load_robot crane robot box1)
(move_robot_with_content povo robot box1 apple)
(unfill_box povo robot box1 apple)
(deliver_food povo robot marta apple)
(move_robot_without_content povo robot box1)
(crane_unload_robot crane robot box1)
(crane_put_down_box crane box1)
(crane_pick_up_content crane paracetamol)
(crane_fill_box crane box1 paracetamol)
(crane_pick_up_box crane box1)
(crane_load_robot crane robot box1)
(move_robot_with_content povo robot box1 paracetamol)
(unfill_box povo robot box1 paracetamol)
(deliver_medicine povo robot marta paracetamol)
(move_robot_without_content povo robot box1)
(crane_unload_robot crane robot box1)
(crane_put_down_box crane box1)
(crane_pick_up_content crane morphine)
(crane_fill_box crane box1 morphine)
(crane_pick_up_box crane box2)
(crane_load_robot crane robot box2)
(move_robot_with_content povo robot box2 gauze)
(unfill_box povo robot box2 gauze)
(deliver_tool povo robot marta gauze)
(move_robot_without_content povo robot box2)
(crane_unload_robot crane robot box2)
(crane_put_down_box crane box2)
(crane_pick_up_content crane bandaid)
(crane_fill_box crane box2 bandaid)
(crane_pick_up_box crane box1)
(crane_load_robot crane robot box1)
(move_robot_with_content trento robot box1 morphine)
(unfill_box trento robot box1 morphine)
(deliver_medicine trento robot chiara morphine)
(move_robot_without_content trento robot box1)
(crane_unload_robot crane robot box1)
(crane_put_down_box crane box1)
(crane_pick_up_content crane pear)
(crane_fill_box crane box1 pear)
(crane_pick_up_box crane box1)
(crane_load_robot crane robot box1)
(move_robot_with_content trento robot box1 pear)
(unfill_box trento robot box1 pear)
(deliver_food trento robot matteo pear)
(move_robot_without_content trento robot box1)
(crane_unload_robot crane robot box1)
(crane_put_down_box crane box1)
(crane_pick_up_box crane box2)
(crane_load_robot crane robot box2)
(move_robot_with_content trento robot box2 bandaid)
(unfill_box trento robot box2 bandaid)
(deliver_tool trento robot matteo bandaid)
; cost = 57 (unit cost)
