(fill_box robot box2 apple)
(load_robot robot box2)
(move_robot_with_content povo robot box2 apple)
(deliver_food povo marta robot box2 apple)
(move_robot_without_content povo robot box2)
(fill_box robot box1 bandaid)
(unload_robot robot box2)
(load_robot robot box1)
(move_robot_with_content povo robot box1 bandaid)
(deliver_tool povo marta robot box1 bandaid)
(move_robot_without_content povo robot box1)
(fill_box robot box2 gauze)
(unload_robot robot box1)
(load_robot robot box2)
(move_robot_with_content trento robot box2 gauze)
(deliver_tool trento matteo robot box2 gauze)
(move_robot_without_content trento robot box2)
(fill_box robot box1 morphine)
(unload_robot robot box2)
(load_robot robot box1)
(move_robot_with_content povo robot box1 morphine)
(deliver_medicine povo marta robot box1 morphine)
(move_robot_without_content povo robot box1)
(fill_box robot box2 paracetamol)
(unload_robot robot box1)
(load_robot robot box2)
(move_robot_with_content trento robot box2 paracetamol)
(deliver_medicine trento chiara robot box2 paracetamol)
(move_robot_without_content trento robot box2)
(fill_box robot box1 pear)
(unload_robot robot box2)
(load_robot robot box1)
(move_robot_with_content trento robot box1 pear)
(deliver_food trento matteo robot box1 pear)
; cost = 34 (unit cost)
