( FILL_BOX ROBOT BOX2 APPLE )
( FILL_BOX ROBOT BOX1 PEAR )
( LOAD_ROBOT ROBOT BOX2 )
( MOVE_ROBOT_WITH_CONTENT TRENTO ROBOT BOX2 APPLE )
( DELIVER_FOOD TRENTO MATTEO ROBOT BOX2 APPLE )
( MOVE_ROBOT_WITHOUT_CONTENT TRENTO ROBOT BOX2 )
( UNLOAD_ROBOT ROBOT BOX2 )
( FILL_BOX ROBOT BOX2 MORPHINE )
( LOAD_ROBOT ROBOT BOX1 )
( MOVE_ROBOT_WITH_CONTENT POVO ROBOT BOX1 PEAR )
( DELIVER_FOOD POVO MARTA ROBOT BOX1 PEAR )
( MOVE_ROBOT_WITHOUT_CONTENT POVO ROBOT BOX1 )
( UNLOAD_ROBOT ROBOT BOX1 )
( FILL_BOX ROBOT BOX1 PARACETAMOL )
( LOAD_ROBOT ROBOT BOX2 )
( MOVE_ROBOT_WITH_CONTENT TRENTO ROBOT BOX2 MORPHINE )
( DELIVER_MEDICINE TRENTO CHIARA ROBOT BOX2 MORPHINE )
( MOVE_ROBOT_WITHOUT_CONTENT TRENTO ROBOT BOX2 )
( UNLOAD_ROBOT ROBOT BOX2 )
( FILL_BOX ROBOT BOX2 BANDAID )
( LOAD_ROBOT ROBOT BOX1 )
( MOVE_ROBOT_WITH_CONTENT POVO ROBOT BOX1 PARACETAMOL )
( DELIVER_MEDICINE POVO MARTA ROBOT BOX1 PARACETAMOL )
( MOVE_ROBOT_WITHOUT_CONTENT POVO ROBOT BOX1 )
( UNLOAD_ROBOT ROBOT BOX1 )
( LOAD_ROBOT ROBOT BOX2 )
( MOVE_ROBOT_WITH_CONTENT TRENTO ROBOT BOX2 BANDAID )
( DELIVER_TOOL TRENTO MATTEO ROBOT BOX2 BANDAID )
( MOVE_ROBOT_WITHOUT_CONTENT TRENTO ROBOT BOX2 )
( UNLOAD_ROBOT ROBOT BOX2 )
( FILL_BOX ROBOT BOX2 GAUZE )
( LOAD_ROBOT ROBOT BOX2 )
( MOVE_ROBOT_WITH_CONTENT POVO ROBOT BOX2 GAUZE )
( DELIVER_TOOL POVO MARTA ROBOT BOX2 GAUZE )
