(fill_box robot box2 apple)
(fill_box robot box1 bandaid)
(load_robot robot box1)
(move_robot_with_content povo robot box1 bandaid)
(deliver_tool povo marta robot box1 bandaid)
(move_robot_without_content povo robot box1)
(unload_robot robot box1)
(fill_box robot box1 gauze)
(load_robot robot box1)
(move_robot_with_content trento robot box1 gauze)
(deliver_tool trento matteo robot box1 gauze)
(move_robot_without_content trento robot box1)
(unload_robot robot box1)
(fill_box robot box1 morphine)
(load_robot robot box1)
(move_robot_with_content povo robot box1 morphine)
(deliver_medicine povo marta robot box1 morphine)
(move_robot_without_content povo robot box1)
(unload_robot robot box1)
(fill_box robot box1 paracetamol)
(load_robot robot box2)
(move_robot_with_content povo robot box2 apple)
(deliver_food povo marta robot box2 apple)
(move_robot_without_content povo robot box2)
(unload_robot robot box2)
(fill_box robot box2 pear)
(load_robot robot box2)
(move_robot_with_content trento robot box2 pear)
(deliver_food trento matteo robot box2 pear)
(move_robot_without_content trento robot box2)
(unload_robot robot box2)
(load_robot robot box1)
(move_robot_with_content trento robot box1 paracetamol)
(deliver_medicine trento chiara robot box1 paracetamol)
; cost = 34 (unit cost)
