( FILL_BOX ROBOT BOX6 APPLE )
( LOAD_CARRIER ROBOT HELICOPTER POS1 BOX6 )
( MOVE_CARRIER_WITH_BOX DEPOT TRENTO ROBOT HELICOPTER )
( UNLOAD_CARRIER TRENTO ROBOT HELICOPTER POS1 BOX6 )
( MOVE_CARRIER_WITHOUT_BOX TRENTO ROBOT HELICOPTER )
( FILL_BOX ROBOT BOX5 MORPHINE )
( LOAD_CARRIER ROBOT HELICOPTER POS1 BOX5 )
( MOVE_CARRIER_WITH_BOX DEPOT TRENTO ROBOT HELICOPTER )
( DELIVER_FOOD TRENTO ROBOT MATTEO BOX6 APPLE )
( UNLOAD_CARRIER TRENTO ROBOT HELICOPTER POS1 BOX5 )
( MOVE_CARRIER_WITHOUT_BOX TRENTO ROBOT HELICOPTER )
( FILL_BOX ROBOT BOX4 BANDAID )
( LOAD_CARRIER ROBOT HELICOPTER POS1 BOX4 )
( MOVE_CARRIER_WITH_BOX DEPOT TRENTO ROBOT HELICOPTER )
( DELIVER_MEDICINE TRENTO ROBOT CHIARA BOX5 MORPHINE )
( UNLOAD_CARRIER TRENTO ROBOT HELICOPTER POS1 BOX4 )
( DELIVER_TOOL TRENTO ROBOT MATTEO BOX4 BANDAID )
( MOVE_CARRIER_WITHOUT_BOX TRENTO ROBOT HELICOPTER )
( FILL_BOX ROBOT BOX3 PEAR )
( LOAD_CARRIER ROBOT HELICOPTER POS1 BOX3 )
( MOVE_CARRIER_WITH_BOX DEPOT POVO ROBOT HELICOPTER )
( UNLOAD_CARRIER POVO ROBOT HELICOPTER POS1 BOX3 )
( DELIVER_FOOD POVO ROBOT MARTA BOX3 PEAR )
( MOVE_CARRIER_WITHOUT_BOX POVO ROBOT HELICOPTER )
( FILL_BOX ROBOT BOX2 PARACETAMOL )
( LOAD_CARRIER ROBOT HELICOPTER POS1 BOX2 )
( MOVE_CARRIER_WITH_BOX DEPOT POVO ROBOT HELICOPTER )
( UNLOAD_CARRIER POVO ROBOT HELICOPTER POS1 BOX2 )
( DELIVER_MEDICINE POVO ROBOT MARTA BOX2 PARACETAMOL )
( MOVE_CARRIER_WITHOUT_BOX POVO ROBOT HELICOPTER )
( FILL_BOX ROBOT BOX1 GAUZE )
( LOAD_CARRIER ROBOT HELICOPTER POS1 BOX1 )
( MOVE_CARRIER_WITH_BOX DEPOT POVO ROBOT HELICOPTER )
( UNLOAD_CARRIER POVO ROBOT HELICOPTER POS1 BOX1 )
( DELIVER_TOOL POVO ROBOT MARTA BOX1 GAUZE )
