Starting search: lazy_wastar(list(hff, hlm), preferred = list(hff, hlm), w = 3)

(fill_box robot box1 apple)
(load_carrier robot helicopter pos1 box1)
(fill_box robot box6 bandaid)
(fill_box robot box5 morphine)
(load_carrier robot helicopter pos4 box5)
(load_carrier robot helicopter pos3 box6)
(move_carrier_with_box depot povo robot helicopter)
(unload_carrier povo robot helicopter pos1 box1)
(unload_carrier povo robot helicopter pos4 box5)
(deliver_food povo robot marta box1 apple)
(deliver_medicine povo robot marta box5 morphine)
(unload_carrier povo robot helicopter pos3 box6)
(deliver_tool povo robot marta box6 bandaid)
(move_carrier_without_box povo robot helicopter)
(fill_box robot box4 gauze)
(load_carrier robot helicopter pos1 box4)
(fill_box robot box3 paracetamol)
(load_carrier robot helicopter pos4 box3)
(move_carrier_with_box depot trento robot helicopter)
(unload_carrier trento robot helicopter pos4 box3)
(deliver_medicine trento robot chiara box3 paracetamol)
(unload_carrier trento robot helicopter pos1 box4)
(deliver_tool trento robot matteo box4 gauze)
(move_carrier_without_box trento robot helicopter)
(fill_box robot box2 pear)
(load_carrier robot helicopter pos1 box2)
(move_carrier_with_box depot trento robot helicopter)
(unload_carrier trento robot helicopter pos1 box2)
(deliver_food trento robot matteo box2 pear)
; cost = 29 (unit cost)
