(fill_box robot box1 apple)
(load_carrier robot helicopter pos1 box1)
(move_carrier_with_box depot povo robot helicopter)
(move_carrier_with_box povo trento robot helicopter)
(unload_carrier trento robot helicopter pos1 box1)
(deliver_food trento robot matteo box1 apple)
(move_carrier_without_box trento robot helicopter)
(fill_box robot box6 morphine)
(load_carrier robot helicopter pos1 box6)
(move_carrier_with_box depot povo robot helicopter)
(unload_carrier povo robot helicopter pos1 box6)
(deliver_medicine povo robot marta box6 morphine)
(move_carrier_without_box povo robot helicopter)
(fill_box robot box5 paracetamol)
(load_carrier robot helicopter pos1 box5)
(move_carrier_with_box depot trento robot helicopter)
(unload_carrier trento robot helicopter pos1 box5)
(deliver_medicine trento robot chiara box5 paracetamol)
(move_carrier_without_box trento robot helicopter)
(fill_box robot box4 bandaid)
(load_carrier robot helicopter pos1 box4)
(move_carrier_with_box depot povo robot helicopter)
(move_carrier_with_box povo trento robot helicopter)
(unload_carrier trento robot helicopter pos1 box4)
(deliver_tool trento robot matteo box4 bandaid)
(move_carrier_without_box trento robot helicopter)
(fill_box robot box3 gauze)
(load_carrier robot helicopter pos1 box3)
(move_carrier_with_box depot povo robot helicopter)
(unload_carrier povo robot helicopter pos1 box3)
(deliver_tool povo robot marta box3 gauze)
(move_carrier_without_box povo robot helicopter)
(fill_box robot box2 pear)
(load_carrier robot helicopter pos1 box2)
(move_carrier_with_box depot povo robot helicopter)
(unload_carrier povo robot helicopter pos1 box2)
(deliver_food povo robot marta box2 pear)
; cost = 37 (unit cost)
