Starting search: lazy_wastar(list(hff, hlm), preferred = list(hff, hlm), w = 5)

(fill_box robot box1 apple)
(load_carrier robot helicopter pos1 box1)
(move_carrier_with_box depot povo robot helicopter)
(unload_carrier povo robot helicopter pos1 box1)
(deliver_food povo robot marta box1 apple)
(move_carrier_without_box povo robot helicopter)
(fill_box robot box6 pear)
(load_carrier robot helicopter pos1 box6)
(move_carrier_with_box depot trento robot helicopter)
(unload_carrier trento robot helicopter pos1 box6)
(deliver_food trento robot matteo box6 pear)
(move_carrier_without_box trento robot helicopter)
(fill_box robot box5 morphine)
(load_carrier robot helicopter pos1 box5)
(fill_box robot box4 bandaid)
(load_carrier robot helicopter pos4 box4)
(move_carrier_with_box depot povo robot helicopter)
(unload_carrier povo robot helicopter pos4 box4)
(deliver_tool povo robot marta box4 bandaid)
(unload_carrier povo robot helicopter pos1 box5)
(deliver_medicine povo robot marta box5 morphine)
(move_carrier_without_box povo robot helicopter)
(fill_box robot box3 gauze)
(load_carrier robot helicopter pos1 box3)
(move_carrier_with_box depot trento robot helicopter)
(unload_carrier trento robot helicopter pos1 box3)
(deliver_tool trento robot matteo box3 gauze)
(move_carrier_without_box trento robot helicopter)
(fill_box robot box2 paracetamol)
(load_carrier robot helicopter pos1 box2)
(move_carrier_with_box depot trento robot helicopter)
(unload_carrier trento robot helicopter pos1 box2)
(deliver_medicine trento robot chiara box2 paracetamol)
; cost = 33 (unit cost)
